<?xml version="1.0" encoding="UTF-8"?>
<testng-results skipped="0" failed="0" total="1" passed="1">
  <reporter-output>
  </reporter-output>
  <suite name="Default suite" duration-ms="10361" started-at="2022-03-20T06:01:26Z" finished-at="2022-03-20T06:01:36Z">
    <groups>
    </groups>
    <test name="Default test" duration-ms="10361" started-at="2022-03-20T06:01:26Z" finished-at="2022-03-20T06:01:36Z">
      <class name="testcases">
        <test-method status="PASS" signature="testing11()[pri:0, instance:testcases@57829d67]" name="testing11" duration-ms="10337" started-at="2022-03-19T23:01:26Z" finished-at="2022-03-19T23:01:36Z">
          <reporter-output>
          </reporter-output>
        </test-method> <!-- testing11 -->
      </class> <!-- testcases -->
    </test> <!-- Default test -->
  </suite> <!-- Default suite -->
</testng-results>
